<?xml version="1.0" encoding="UTF-8"?>
<robot generator="Robot 3.2.2 (Python 3.9.5 on win32)" generated="20210605 16:51:00.189" rpa="false">
<suite id="s1" name="Test" source="C:\Users\Admin\PycharmProjects\RobotFramework\Test.robot">
<test id="s1-t1" name="Navigate to Amazon">
<kw name="Open Browser" library="SeleniumLibrary">
<doc>Opens a new browser instance to the optional ``url``.</doc>
<arguments>
<arg>https://amazon.com</arg>
<arg>chrome</arg>
</arguments>
<msg timestamp="20210605 16:51:00.611" level="INFO">Opening browser 'chrome' to base url 'https://amazon.com'.</msg>
<status status="PASS" starttime="20210605 16:51:00.611" endtime="20210605 16:51:06.778"></status>
</kw>
<kw name="Maximize Browser Window" library="SeleniumLibrary">
<doc>Maximizes current browser window.</doc>
<status status="PASS" starttime="20210605 16:51:06.786" endtime="20210605 16:51:07.002"></status>
</kw>
<status status="PASS" starttime="20210605 16:51:00.611" endtime="20210605 16:51:07.018" critical="yes"></status>
</test>
<status status="PASS" starttime="20210605 16:51:00.205" endtime="20210605 16:51:07.026"></status>
</suite>
<statistics>
<total>
<stat pass="1" fail="0">Critical Tests</stat>
<stat pass="1" fail="0">All Tests</stat>
</total>
<tag>
</tag>
<suite>
<stat pass="1" fail="0" id="s1" name="Test">Test</stat>
</suite>
</statistics>
<errors>
</errors>
</robot>
