<?xml version="1.0" encoding="UTF-8"?>
<robot generator="Robot 3.2.2 (Python 3.9.4 on win32)" generated="20210604 09:05:52.795" rpa="false">
<suite id="s1" name="First" source="C:\Users\mohitka\PycharmProjects\RobotFramework\First.robot">
<test id="s1-t1" name="Navigate to Amazon.com">
<kw name="Open Browser" library="SeleniumLibrary">
<doc>Opens a new browser instance to the optional ``url``.</doc>
<arguments>
<arg>https://amazon.com</arg>
<arg>chrome</arg>
</arguments>
<msg timestamp="20210604 09:05:53.228" level="INFO">Opening browser 'chrome' to base url 'https://amazon.com'.</msg>
<status status="PASS" starttime="20210604 09:05:53.227" endtime="20210604 09:06:00.450"></status>
</kw>
<kw name="Maximize Browser Window" library="SeleniumLibrary">
<doc>Maximizes current browser window.</doc>
<status status="PASS" starttime="20210604 09:06:00.451" endtime="20210604 09:06:00.666"></status>
</kw>
<kw name="capture page screeshot">
<msg timestamp="20210604 09:06:00.674" level="FAIL">No keyword with name 'capture page screeshot' found. Did you mean:
    SeleniumLibrary.Capture Page Screenshot</msg>
<status status="FAIL" starttime="20210604 09:06:00.674" endtime="20210604 09:06:00.674"></status>
</kw>
<status status="FAIL" starttime="20210604 09:05:53.226" endtime="20210604 09:06:00.675" critical="yes">No keyword with name 'capture page screeshot' found. Did you mean:
    SeleniumLibrary.Capture Page Screenshot</status>
</test>
<status status="FAIL" starttime="20210604 09:05:52.799" endtime="20210604 09:06:00.679"></status>
</suite>
<statistics>
<total>
<stat pass="0" fail="1">Critical Tests</stat>
<stat pass="0" fail="1">All Tests</stat>
</total>
<tag>
</tag>
<suite>
<stat pass="0" fail="1" id="s1" name="First">First</stat>
</suite>
</statistics>
<errors>
</errors>
</robot>
