<?xml version="1.0" encoding="UTF-8"?>
<robot generator="Robot 3.2.2 (Python 3.9.4 on win32)" generated="20210627 21:54:20.197" rpa="false">
<suite id="s1" name="Solihul" source="C:\Users\mohitka\PycharmProjects\SoliHul\Tests\solihul.robot">
<test id="s1-t1" name="Print title of each page">
<kw name="Given I navigate to" library="solihulSD">
<arguments>
<arg>${url}</arg>
<arg>${browser}</arg>
</arguments>
<kw name="Open Browser" library="SeleniumLibrary">
<doc>Opens a new browser instance to the optional ``url``.</doc>
<arguments>
<arg>${url}</arg>
<arg>${browser}</arg>
</arguments>
<msg timestamp="20210627 21:54:20.737" level="INFO">Opening browser 'chrome' to base url 'https://www.solihullsfc.ac.uk/'.</msg>
<status status="PASS" starttime="20210627 21:54:20.737" endtime="20210627 21:54:47.810"></status>
</kw>
<kw name="Maximize Browser Window" library="SeleniumLibrary">
<doc>Maximizes current browser window.</doc>
<status status="PASS" starttime="20210627 21:54:47.811" endtime="20210627 21:54:47.976"></status>
</kw>
<status status="PASS" starttime="20210627 21:54:20.736" endtime="20210627 21:54:47.977"></status>
</kw>
<kw name="Then validating title of page" library="solihulSD">
<kw name="Get Title" library="SeleniumLibrary">
<doc>Returns the title of the current page.</doc>
<status status="PASS" starttime="20210627 21:54:47.981" endtime="20210627 21:54:48.028"></status>
</kw>
<status status="PASS" starttime="20210627 21:54:47.979" endtime="20210627 21:54:48.028"></status>
</kw>
<kw name="And changing language which starts from C" library="solihulSD">
<kw name="Get WebElements" library="SeleniumLibrary">
<doc>Returns a list of WebElement objects matching the ``locator``.</doc>
<arguments>
<arg>${changelang}</arg>
</arguments>
<assign>
<var>@{CountryList}</var>
</assign>
<msg timestamp="20210627 21:54:48.091" level="INFO">@{CountryList} = [ &lt;selenium.webdriver.remote.webelement.WebElement (session="8715c0409bf10bd8a17d611825b1413b", element="0bac2d30-11a8-4e79-921c-788a4e673e42")&gt; | &lt;selenium.webdriver.remote.webelement.WebElement (ses...</msg>
<status status="PASS" starttime="20210627 21:54:48.032" endtime="20210627 21:54:48.091"></status>
</kw>
<kw name="${selLang} IN [ @{CountryList} ]" type="for">
<kw name="${selLang} = &lt;selenium.webdriver.remote.webelement.WebElement (session=&quot;8715c0409bf10bd8a17d611825b1413b&quot;, element=&quot;0bac2d30-11a8-4e79-921c-788a4e673e42&quot;)&gt;" type="foritem">
<kw name="Click Element" library="SeleniumLibrary">
<doc>Click the element identified by ``locator``.</doc>
<arguments>
<arg>${dropdown}</arg>
</arguments>
<msg timestamp="20210627 21:54:48.093" level="INFO">Clicking element '//div[@class='selected']/a'.</msg>
<status status="PASS" starttime="20210627 21:54:48.093" endtime="20210627 21:54:48.331"></status>
</kw>
<kw name="Wait Until Element Is Enabled" library="SeleniumLibrary">
<doc>Waits until the element ``locator`` is enabled.</doc>
<arguments>
<arg>${selLang}</arg>
<arg>timeout=5</arg>
</arguments>
<status status="PASS" starttime="20210627 21:54:48.332" endtime="20210627 21:54:48.459"></status>
</kw>
<kw name="Click Element" library="SeleniumLibrary">
<doc>Click the element identified by ``locator``.</doc>
<arguments>
<arg>${selLang}</arg>
</arguments>
<msg timestamp="20210627 21:54:48.461" level="INFO">Clicking element '&lt;selenium.webdriver.remote.webelement.WebElement (session="8715c0409bf10bd8a17d611825b1413b", element="0bac2d30-11a8-4e79-921c-788a4e673e42")&gt;'.</msg>
<kw name="Capture Page Screenshot" library="SeleniumLibrary">
<doc>Takes a screenshot of the current page and embeds it into a log file.</doc>
<msg timestamp="20210627 21:54:50.186" level="INFO" html="yes">&lt;/td&gt;&lt;/tr&gt;&lt;tr&gt;&lt;td colspan="3"&gt;&lt;a href="selenium-screenshot-1.png"&gt;&lt;img src="selenium-screenshot-1.png" width="800px"&gt;&lt;/a&gt;</msg>
<status status="PASS" starttime="20210627 21:54:48.521" endtime="20210627 21:54:50.186"></status>
</kw>
<msg timestamp="20210627 21:54:50.408" level="FAIL">ElementNotInteractableException: Message: element not interactable
  (Session info: chrome=91.0.4472.114)
</msg>
<status status="FAIL" starttime="20210627 21:54:48.459" endtime="20210627 21:54:50.408"></status>
</kw>
<status status="FAIL" starttime="20210627 21:54:48.092" endtime="20210627 21:54:50.408"></status>
</kw>
<status status="FAIL" starttime="20210627 21:54:48.091" endtime="20210627 21:54:50.408"></status>
</kw>
<status status="FAIL" starttime="20210627 21:54:48.031" endtime="20210627 21:54:50.409"></status>
</kw>
<status status="FAIL" starttime="20210627 21:54:20.734" endtime="20210627 21:54:50.409" critical="yes">ElementNotInteractableException: Message: element not interactable
  (Session info: chrome=91.0.4472.114)
</status>
</test>
<status status="FAIL" starttime="20210627 21:54:20.199" endtime="20210627 21:54:50.416"></status>
</suite>
<statistics>
<total>
<stat pass="0" fail="1">Critical Tests</stat>
<stat pass="0" fail="1">All Tests</stat>
</total>
<tag>
</tag>
<suite>
<stat pass="0" fail="1" id="s1" name="Solihul">Solihul</stat>
</suite>
</statistics>
<errors>
</errors>
</robot>
