<?xml version="1.0" encoding="UTF-8"?>
<robot generator="Robot 3.2.2 (Python 3.9.4 on win32)" generated="20210606 11:32:07.530" rpa="false">
<suite id="s1" name="Amazon" source="C:\Users\karan\PycharmProjects\pythonProject\Test\Amazon.robot">
<test id="s1-t1" name="Nav to Amazon.com">
<kw name="Given I nav to login screen" library="Amazonpage">
<kw name="Open Browser" library="SeleniumLibrary">
<doc>Opens a new browser instance to the optional ``url``.</doc>
<arguments>
<arg>https://amazon.com</arg>
<arg>chrome</arg>
</arguments>
<msg timestamp="20210606 11:32:07.734" level="INFO">Opening browser 'chrome' to base url 'https://amazon.com'.</msg>
<status status="PASS" starttime="20210606 11:32:07.734" endtime="20210606 11:32:11.685"></status>
</kw>
<kw name="Capture Page Screenshot" library="SeleniumLibrary">
<doc>Takes a screenshot of the current page and embeds it into a log file.</doc>
<msg timestamp="20210606 11:32:12.124" level="INFO" html="yes">&lt;/td&gt;&lt;/tr&gt;&lt;tr&gt;&lt;td colspan="3"&gt;&lt;a href="selenium-screenshot-1.png"&gt;&lt;img src="selenium-screenshot-1.png" width="800px"&gt;&lt;/a&gt;</msg>
<status status="PASS" starttime="20210606 11:32:11.685" endtime="20210606 11:32:12.124"></status>
</kw>
<status status="PASS" starttime="20210606 11:32:07.734" endtime="20210606 11:32:12.124"></status>
</kw>
<status status="PASS" starttime="20210606 11:32:07.734" endtime="20210606 11:32:12.127" critical="yes"></status>
</test>
<status status="PASS" starttime="20210606 11:32:07.530" endtime="20210606 11:32:12.131"></status>
</suite>
<statistics>
<total>
<stat pass="1" fail="0">Critical Tests</stat>
<stat pass="1" fail="0">All Tests</stat>
</total>
<tag>
</tag>
<suite>
<stat pass="1" fail="0" id="s1" name="Amazon">Amazon</stat>
</suite>
</statistics>
<errors>
</errors>
</robot>
