<?xml version="1.0" encoding="UTF-8"?>
<robot generator="Robot 3.2.2 (Python 3.9.4 on win32)" generated="20210606 11:32:14.465" rpa="false">
<suite id="s1" name="AmazonTesting" source="C:\Users\mohitka\PycharmProjects\RobotFrameworkMain\Test\AmazonTesting.robot">
<test id="s1-t1" name="Validating Dropdown">
<kw name="Given I navigate to Amazon.com" library="AmazonSD">
<kw name="Open Browser" library="SeleniumLibrary">
<doc>Opens a new browser instance to the optional ``url``.</doc>
<arguments>
<arg>https://www.amazon.com</arg>
<arg>Chrome</arg>
</arguments>
<msg timestamp="20210606 11:32:14.758" level="INFO">Opening browser 'Chrome' to base url 'https://www.amazon.com'.</msg>
<status status="PASS" starttime="20210606 11:32:14.757" endtime="20210606 11:32:21.927"></status>
</kw>
<kw name="Maximize Browser Window" library="SeleniumLibrary">
<doc>Maximizes current browser window.</doc>
<status status="PASS" starttime="20210606 11:32:21.928" endtime="20210606 11:32:22.624"></status>
</kw>
<kw name="Capture Page Screenshot" library="SeleniumLibrary">
<doc>Takes a screenshot of the current page and embeds it into a log file.</doc>
<msg timestamp="20210606 11:32:24.067" level="INFO" html="yes">&lt;/td&gt;&lt;/tr&gt;&lt;tr&gt;&lt;td colspan="3"&gt;&lt;a href="selenium-screenshot-2.png"&gt;&lt;img src="selenium-screenshot-2.png" width="800px"&gt;&lt;/a&gt;</msg>
<status status="PASS" starttime="20210606 11:32:22.625" endtime="20210606 11:32:24.068"></status>
</kw>
<status status="PASS" starttime="20210606 11:32:14.756" endtime="20210606 11:32:24.068"></status>
</kw>
<status status="PASS" starttime="20210606 11:32:14.756" endtime="20210606 11:32:24.071" critical="yes"></status>
</test>
<status status="PASS" starttime="20210606 11:32:14.467" endtime="20210606 11:32:24.075"></status>
</suite>
<statistics>
<total>
<stat pass="1" fail="0">Critical Tests</stat>
<stat pass="1" fail="0">All Tests</stat>
</total>
<tag>
</tag>
<suite>
<stat pass="1" fail="0" id="s1" name="AmazonTesting">AmazonTesting</stat>
</suite>
</statistics>
<errors>
</errors>
</robot>
