<?xml version="1.0" encoding="UTF-8"?>
<robot generator="Robot 3.2.2 (Python 3.9.2 on win32)" generated="20210622 17:54:07.868" rpa="false">
<suite id="s1" name="SoliHull Feature" source="C:\Users\nshakya\PycharmProjects\PythonAutomation\SoliHullSFC\Tests\SoliHull_Feature.robot">
<kw name="Open the Webpage" library="ENVDetails" type="setup">
<kw name="Open Browser" library="SeleniumLibrary">
<doc>Opens a new browser instance to the optional ``url``.</doc>
<arguments>
<arg>${URL}</arg>
<arg>Chrome</arg>
</arguments>
<msg timestamp="20210622 17:54:08.521" level="INFO">Opening browser 'Chrome' to base url 'https://www.solihullsfc.ac.uk/'.</msg>
<status status="PASS" starttime="20210622 17:54:08.521" endtime="20210622 17:54:21.570"></status>
</kw>
<kw name="Maximize Browser Window" library="SeleniumLibrary">
<doc>Maximizes current browser window.</doc>
<status status="PASS" starttime="20210622 17:54:21.571" endtime="20210622 17:54:21.781"></status>
</kw>
<status status="PASS" starttime="20210622 17:54:08.521" endtime="20210622 17:54:21.781"></status>
</kw>
<test id="s1-t1" name="Validate the SoliHull Webpage Title">
<kw name="Given I will Navigate to SoliHull Webpage" library="SoliHull_StepDefination">
<kw name="Validate SoliHull Webpage is opened" library="SoliHull_HomePage">
<kw name="Page Should Contain Image" library="SeleniumLibrary">
<doc>Verifies image identified by ``locator`` is found from current page.</doc>
<arguments>
<arg>${Logo}</arg>
</arguments>
<msg timestamp="20210622 17:54:21.899" level="INFO">Current page contains image '//img[@alt='Solihull Sixth Form College Logo']'.</msg>
<status status="PASS" starttime="20210622 17:54:21.789" endtime="20210622 17:54:21.900"></status>
</kw>
<status status="PASS" starttime="20210622 17:54:21.788" endtime="20210622 17:54:21.900"></status>
</kw>
<kw name="Validate By Default Language is English" library="SoliHull_HomePage">
<kw name="Page Should Contain" library="SeleniumLibrary">
<doc>Verifies that current page contains ``text``.</doc>
<arguments>
<arg>English</arg>
</arguments>
<msg timestamp="20210622 17:54:21.972" level="INFO">Current page contains text 'English'.</msg>
<status status="PASS" starttime="20210622 17:54:21.902" endtime="20210622 17:54:21.972"></status>
</kw>
<status status="PASS" starttime="20210622 17:54:21.901" endtime="20210622 17:54:21.973"></status>
</kw>
<kw name="Print the Current Page Title" library="SoliHull_HomePage">
<kw name="Get Title" library="SeleniumLibrary">
<doc>Returns the title of the current page.</doc>
<assign>
<var>${Title}</var>
</assign>
<msg timestamp="20210622 17:54:22.023" level="INFO">${Title} = Solihull Sixth Form College: Post 16 education, A Levels and BTECs — Solihull Sixth Form College</msg>
<status status="PASS" starttime="20210622 17:54:21.974" endtime="20210622 17:54:22.023"></status>
</kw>
<kw name="Log To Console" library="BuiltIn">
<doc>Logs the given message to the console.</doc>
<arguments>
<arg>${\n}</arg>
</arguments>
<status status="PASS" starttime="20210622 17:54:22.023" endtime="20210622 17:54:22.025"></status>
</kw>
<kw name="Log To Console" library="BuiltIn">
<doc>Logs the given message to the console.</doc>
<arguments>
<arg>Current English Title is: ${Title}</arg>
</arguments>
<status status="PASS" starttime="20210622 17:54:22.025" endtime="20210622 17:54:22.026"></status>
</kw>
<status status="PASS" starttime="20210622 17:54:21.973" endtime="20210622 17:54:22.027"></status>
</kw>
<status status="PASS" starttime="20210622 17:54:21.786" endtime="20210622 17:54:22.027"></status>
</kw>
<kw name="When I select the Language Starting with 'C'" library="SoliHull_StepDefination">
<assign>
<var>${Count}</var>
</assign>
<kw name="Click on Language Drop Down Menu" library="SoliHull_HomePage">
<kw name="Click Element" library="SeleniumLibrary">
<doc>Click the element identified by ``locator``.</doc>
<arguments>
<arg>${DropDown}</arg>
</arguments>
<msg timestamp="20210622 17:54:22.031" level="INFO">Clicking element '//div[@class='selected']'.</msg>
<status status="PASS" starttime="20210622 17:54:22.030" endtime="20210622 17:54:22.333"></status>
</kw>
<status status="PASS" starttime="20210622 17:54:22.029" endtime="20210622 17:54:22.333"></status>
</kw>
<kw name="Count the number of Languages starting with Letter 'C' from Menu" library="SoliHull_HomePage">
<assign>
<var>${Count}</var>
</assign>
<kw name="Wait Until Element Is Visible" library="SeleniumLibrary">
<doc>Waits until the element ``locator`` is visible.</doc>
<arguments>
<arg>${ListVisible}</arg>
</arguments>
<status status="PASS" starttime="20210622 17:54:22.335" endtime="20210622 17:54:22.886"></status>
</kw>
<kw name="Get Element Count" library="SeleniumLibrary">
<doc>Returns the number of elements matching ``locator``.</doc>
<arguments>
<arg>${TotalLaunguage}</arg>
</arguments>
<assign>
<var>${Count}</var>
</assign>
<msg timestamp="20210622 17:54:22.919" level="INFO">${Count} = 8</msg>
<status status="PASS" starttime="20210622 17:54:22.886" endtime="20210622 17:54:22.919"></status>
</kw>
<kw name="Log To Console" library="BuiltIn">
<doc>Logs the given message to the console.</doc>
<arguments>
<arg>${\n}</arg>
</arguments>
<status status="PASS" starttime="20210622 17:54:22.919" endtime="20210622 17:54:22.920"></status>
</kw>
<kw name="Log To Console" library="BuiltIn">
<doc>Logs the given message to the console.</doc>
<arguments>
<arg>Below are all Titles with Laguage starting with Letter 'C':</arg>
</arguments>
<status status="PASS" starttime="20210622 17:54:22.920" endtime="20210622 17:54:22.921"></status>
</kw>
<msg timestamp="20210622 17:54:22.921" level="INFO">${Count} = 8</msg>
<status status="PASS" starttime="20210622 17:54:22.334" endtime="20210622 17:54:22.921"></status>
</kw>
<msg timestamp="20210622 17:54:22.922" level="INFO">${Count} = 8</msg>
<status status="PASS" starttime="20210622 17:54:22.028" endtime="20210622 17:54:22.922"></status>
</kw>
<kw name="Then I will display the title in console" library="SoliHull_StepDefination">
<arguments>
<arg>${Count}</arg>
</arguments>
<kw name="Select the Language starting with Letter 'C'" library="SoliHull_HomePage">
<arguments>
<arg>${Count}</arg>
</arguments>
<kw name="Evaluate" library="BuiltIn">
<doc>Evaluates the given expression in Python and returns the result.</doc>
<arguments>
<arg>${Count}+1</arg>
</arguments>
<assign>
<var>${Count}</var>
</assign>
<msg timestamp="20210622 17:54:22.926" level="INFO">${Count} = 9</msg>
<status status="PASS" starttime="20210622 17:54:22.925" endtime="20210622 17:54:22.926"></status>
</kw>
<kw name="${x} IN RANGE [ 1 | ${Count} ]" type="for">
<kw name="${x} = 1" type="foritem">
<kw name="Click Element" library="SeleniumLibrary">
<doc>Click the element identified by ``locator``.</doc>
<arguments>
<arg>${Path}${x}${Close}</arg>
</arguments>
<msg timestamp="20210622 17:54:22.931" level="INFO">Clicking element '//div[@style='display: block;']/child::a[starts-with(text(),' C')][1]'.</msg>
<status status="PASS" starttime="20210622 17:54:22.929" endtime="20210622 17:54:23.103"></status>
</kw>
<kw name="Wait Until Element Is Enabled" library="SeleniumLibrary">
<doc>Waits until the element ``locator`` is enabled.</doc>
<arguments>
<arg>${Deselect}</arg>
<arg>timeout=10</arg>
</arguments>
<status status="PASS" starttime="20210622 17:54:23.104" endtime="20210622 17:54:24.390"></status>
</kw>
<kw name="Get Title" library="SeleniumLibrary">
<doc>Returns the title of the current page.</doc>
<assign>
<var>${NewTitle}</var>
</assign>
<msg timestamp="20210622 17:54:24.405" level="INFO">${NewTitle} = Solihull Sixth Form College: educació post 16, nivells A i BTEC - Solihull Sixth Form College</msg>
<status status="PASS" starttime="20210622 17:54:24.390" endtime="20210622 17:54:24.406"></status>
</kw>
<kw name="Log To Console" library="BuiltIn">
<doc>Logs the given message to the console.</doc>
<arguments>
<arg>${NewTitle}</arg>
</arguments>
<status status="PASS" starttime="20210622 17:54:24.406" endtime="20210622 17:54:24.407"></status>
</kw>
<kw name="Wait Until Element Is Not Visible" library="SeleniumLibrary">
<doc>Waits until the element ``locator`` is not visible.</doc>
<arguments>
<arg>${DropDownClose}</arg>
<arg>timeout=10</arg>
</arguments>
<status status="PASS" starttime="20210622 17:54:24.408" endtime="20210622 17:54:24.453"></status>
</kw>
<kw name="Click Element" library="SeleniumLibrary">
<doc>Click the element identified by ``locator``.</doc>
<arguments>
<arg>${DropDown}</arg>
</arguments>
<msg timestamp="20210622 17:54:24.455" level="INFO">Clicking element '//div[@class='selected']'.</msg>
<status status="PASS" starttime="20210622 17:54:24.454" endtime="20210622 17:54:24.541"></status>
</kw>
<kw name="Wait Until Element Is Visible" library="SeleniumLibrary">
<doc>Waits until the element ``locator`` is visible.</doc>
<arguments>
<arg>${ListVisible}</arg>
</arguments>
<status status="PASS" starttime="20210622 17:54:24.542" endtime="20210622 17:54:25.273"></status>
</kw>
<status status="PASS" starttime="20210622 17:54:22.929" endtime="20210622 17:54:25.273"></status>
</kw>
<kw name="${x} = 2" type="foritem">
<kw name="Click Element" library="SeleniumLibrary">
<doc>Click the element identified by ``locator``.</doc>
<arguments>
<arg>${Path}${x}${Close}</arg>
</arguments>
<msg timestamp="20210622 17:54:25.275" level="INFO">Clicking element '//div[@style='display: block;']/child::a[starts-with(text(),' C')][2]'.</msg>
<status status="PASS" starttime="20210622 17:54:25.274" endtime="20210622 17:54:25.593"></status>
</kw>
<kw name="Wait Until Element Is Enabled" library="SeleniumLibrary">
<doc>Waits until the element ``locator`` is enabled.</doc>
<arguments>
<arg>${Deselect}</arg>
<arg>timeout=10</arg>
</arguments>
<status status="PASS" starttime="20210622 17:54:25.593" endtime="20210622 17:54:26.308"></status>
</kw>
<kw name="Get Title" library="SeleniumLibrary">
<doc>Returns the title of the current page.</doc>
<assign>
<var>${NewTitle}</var>
</assign>
<msg timestamp="20210622 17:54:26.319" level="INFO">${NewTitle} = Solihull Sixth Form College: Post 16 nga edukasyon, Usa ka lebel ug BTECs - Solihull Sixth Form College</msg>
<status status="PASS" starttime="20210622 17:54:26.308" endtime="20210622 17:54:26.320"></status>
</kw>
<kw name="Log To Console" library="BuiltIn">
<doc>Logs the given message to the console.</doc>
<arguments>
<arg>${NewTitle}</arg>
</arguments>
<status status="PASS" starttime="20210622 17:54:26.320" endtime="20210622 17:54:26.321"></status>
</kw>
<kw name="Wait Until Element Is Not Visible" library="SeleniumLibrary">
<doc>Waits until the element ``locator`` is not visible.</doc>
<arguments>
<arg>${DropDownClose}</arg>
<arg>timeout=10</arg>
</arguments>
<status status="PASS" starttime="20210622 17:54:26.321" endtime="20210622 17:54:26.334"></status>
</kw>
<kw name="Click Element" library="SeleniumLibrary">
<doc>Click the element identified by ``locator``.</doc>
<arguments>
<arg>${DropDown}</arg>
</arguments>
<msg timestamp="20210622 17:54:26.334" level="INFO">Clicking element '//div[@class='selected']'.</msg>
<status status="PASS" starttime="20210622 17:54:26.334" endtime="20210622 17:54:26.452"></status>
</kw>
<kw name="Wait Until Element Is Visible" library="SeleniumLibrary">
<doc>Waits until the element ``locator`` is visible.</doc>
<arguments>
<arg>${ListVisible}</arg>
</arguments>
<status status="PASS" starttime="20210622 17:54:26.452" endtime="20210622 17:54:27.104"></status>
</kw>
<status status="PASS" starttime="20210622 17:54:25.274" endtime="20210622 17:54:27.104"></status>
</kw>
<kw name="${x} = 3" type="foritem">
<kw name="Click Element" library="SeleniumLibrary">
<doc>Click the element identified by ``locator``.</doc>
<arguments>
<arg>${Path}${x}${Close}</arg>
</arguments>
<msg timestamp="20210622 17:54:27.105" level="INFO">Clicking element '//div[@style='display: block;']/child::a[starts-with(text(),' C')][3]'.</msg>
<status status="PASS" starttime="20210622 17:54:27.104" endtime="20210622 17:54:27.504"></status>
</kw>
<kw name="Wait Until Element Is Enabled" library="SeleniumLibrary">
<doc>Waits until the element ``locator`` is enabled.</doc>
<arguments>
<arg>${Deselect}</arg>
<arg>timeout=10</arg>
</arguments>
<status status="PASS" starttime="20210622 17:54:27.504" endtime="20210622 17:54:28.186"></status>
</kw>
<kw name="Get Title" library="SeleniumLibrary">
<doc>Returns the title of the current page.</doc>
<assign>
<var>${NewTitle}</var>
</assign>
<msg timestamp="20210622 17:54:28.202" level="INFO">${NewTitle} = Solihull Sixth Form College: Post 16 maphunziro, A Levels ndi BTECs - Solihull Sixth Form College</msg>
<status status="PASS" starttime="20210622 17:54:28.186" endtime="20210622 17:54:28.202"></status>
</kw>
<kw name="Log To Console" library="BuiltIn">
<doc>Logs the given message to the console.</doc>
<arguments>
<arg>${NewTitle}</arg>
</arguments>
<status status="PASS" starttime="20210622 17:54:28.203" endtime="20210622 17:54:28.203"></status>
</kw>
<kw name="Wait Until Element Is Not Visible" library="SeleniumLibrary">
<doc>Waits until the element ``locator`` is not visible.</doc>
<arguments>
<arg>${DropDownClose}</arg>
<arg>timeout=10</arg>
</arguments>
<status status="PASS" starttime="20210622 17:54:28.204" endtime="20210622 17:54:28.219"></status>
</kw>
<kw name="Click Element" library="SeleniumLibrary">
<doc>Click the element identified by ``locator``.</doc>
<arguments>
<arg>${DropDown}</arg>
</arguments>
<msg timestamp="20210622 17:54:28.220" level="INFO">Clicking element '//div[@class='selected']'.</msg>
<status status="PASS" starttime="20210622 17:54:28.219" endtime="20210622 17:54:28.347"></status>
</kw>
<kw name="Wait Until Element Is Visible" library="SeleniumLibrary">
<doc>Waits until the element ``locator`` is visible.</doc>
<arguments>
<arg>${ListVisible}</arg>
</arguments>
<status status="PASS" starttime="20210622 17:54:28.348" endtime="20210622 17:54:28.966"></status>
</kw>
<status status="PASS" starttime="20210622 17:54:27.104" endtime="20210622 17:54:28.966"></status>
</kw>
<kw name="${x} = 4" type="foritem">
<kw name="Click Element" library="SeleniumLibrary">
<doc>Click the element identified by ``locator``.</doc>
<arguments>
<arg>${Path}${x}${Close}</arg>
</arguments>
<msg timestamp="20210622 17:54:28.968" level="INFO">Clicking element '//div[@style='display: block;']/child::a[starts-with(text(),' C')][4]'.</msg>
<status status="PASS" starttime="20210622 17:54:28.967" endtime="20210622 17:54:29.297"></status>
</kw>
<kw name="Wait Until Element Is Enabled" library="SeleniumLibrary">
<doc>Waits until the element ``locator`` is enabled.</doc>
<arguments>
<arg>${Deselect}</arg>
<arg>timeout=10</arg>
</arguments>
<status status="PASS" starttime="20210622 17:54:29.297" endtime="20210622 17:54:30.138"></status>
</kw>
<kw name="Get Title" library="SeleniumLibrary">
<doc>Returns the title of the current page.</doc>
<assign>
<var>${NewTitle}</var>
</assign>
<msg timestamp="20210622 17:54:30.147" level="INFO">${NewTitle} = Solihull Sixth Form College：16 后教育、A Level 和 BTEC — Solihull Sixth Form College</msg>
<status status="PASS" starttime="20210622 17:54:30.138" endtime="20210622 17:54:30.147"></status>
</kw>
<kw name="Log To Console" library="BuiltIn">
<doc>Logs the given message to the console.</doc>
<arguments>
<arg>${NewTitle}</arg>
</arguments>
<status status="PASS" starttime="20210622 17:54:30.147" endtime="20210622 17:54:30.148"></status>
</kw>
<kw name="Wait Until Element Is Not Visible" library="SeleniumLibrary">
<doc>Waits until the element ``locator`` is not visible.</doc>
<arguments>
<arg>${DropDownClose}</arg>
<arg>timeout=10</arg>
</arguments>
<status status="PASS" starttime="20210622 17:54:30.148" endtime="20210622 17:54:30.165"></status>
</kw>
<kw name="Click Element" library="SeleniumLibrary">
<doc>Click the element identified by ``locator``.</doc>
<arguments>
<arg>${DropDown}</arg>
</arguments>
<msg timestamp="20210622 17:54:30.166" level="INFO">Clicking element '//div[@class='selected']'.</msg>
<status status="PASS" starttime="20210622 17:54:30.166" endtime="20210622 17:54:30.238"></status>
</kw>
<kw name="Wait Until Element Is Visible" library="SeleniumLibrary">
<doc>Waits until the element ``locator`` is visible.</doc>
<arguments>
<arg>${ListVisible}</arg>
</arguments>
<status status="PASS" starttime="20210622 17:54:30.239" endtime="20210622 17:54:31.123"></status>
</kw>
<status status="PASS" starttime="20210622 17:54:28.967" endtime="20210622 17:54:31.123"></status>
</kw>
<kw name="${x} = 5" type="foritem">
<kw name="Click Element" library="SeleniumLibrary">
<doc>Click the element identified by ``locator``.</doc>
<arguments>
<arg>${Path}${x}${Close}</arg>
</arguments>
<msg timestamp="20210622 17:54:31.125" level="INFO">Clicking element '//div[@style='display: block;']/child::a[starts-with(text(),' C')][5]'.</msg>
<status status="PASS" starttime="20210622 17:54:31.124" endtime="20210622 17:54:31.440"></status>
</kw>
<kw name="Wait Until Element Is Enabled" library="SeleniumLibrary">
<doc>Waits until the element ``locator`` is enabled.</doc>
<arguments>
<arg>${Deselect}</arg>
<arg>timeout=10</arg>
</arguments>
<status status="PASS" starttime="20210622 17:54:31.440" endtime="20210622 17:54:32.075"></status>
</kw>
<kw name="Get Title" library="SeleniumLibrary">
<doc>Returns the title of the current page.</doc>
<assign>
<var>${NewTitle}</var>
</assign>
<msg timestamp="20210622 17:54:32.085" level="INFO">${NewTitle} = Solihull Sixth Form College：16 後教育、A Level 和 BTEC — Solihull Sixth Form College</msg>
<status status="PASS" starttime="20210622 17:54:32.075" endtime="20210622 17:54:32.085"></status>
</kw>
<kw name="Log To Console" library="BuiltIn">
<doc>Logs the given message to the console.</doc>
<arguments>
<arg>${NewTitle}</arg>
</arguments>
<status status="PASS" starttime="20210622 17:54:32.086" endtime="20210622 17:54:32.086"></status>
</kw>
<kw name="Wait Until Element Is Not Visible" library="SeleniumLibrary">
<doc>Waits until the element ``locator`` is not visible.</doc>
<arguments>
<arg>${DropDownClose}</arg>
<arg>timeout=10</arg>
</arguments>
<status status="PASS" starttime="20210622 17:54:32.087" endtime="20210622 17:54:32.114"></status>
</kw>
<kw name="Click Element" library="SeleniumLibrary">
<doc>Click the element identified by ``locator``.</doc>
<arguments>
<arg>${DropDown}</arg>
</arguments>
<msg timestamp="20210622 17:54:32.115" level="INFO">Clicking element '//div[@class='selected']'.</msg>
<status status="PASS" starttime="20210622 17:54:32.114" endtime="20210622 17:54:32.183"></status>
</kw>
<kw name="Wait Until Element Is Visible" library="SeleniumLibrary">
<doc>Waits until the element ``locator`` is visible.</doc>
<arguments>
<arg>${ListVisible}</arg>
</arguments>
<status status="PASS" starttime="20210622 17:54:32.183" endtime="20210622 17:54:33.066"></status>
</kw>
<status status="PASS" starttime="20210622 17:54:31.124" endtime="20210622 17:54:33.066"></status>
</kw>
<kw name="${x} = 6" type="foritem">
<kw name="Click Element" library="SeleniumLibrary">
<doc>Click the element identified by ``locator``.</doc>
<arguments>
<arg>${Path}${x}${Close}</arg>
</arguments>
<msg timestamp="20210622 17:54:33.067" level="INFO">Clicking element '//div[@style='display: block;']/child::a[starts-with(text(),' C')][6]'.</msg>
<status status="PASS" starttime="20210622 17:54:33.066" endtime="20210622 17:54:33.415"></status>
</kw>
<kw name="Wait Until Element Is Enabled" library="SeleniumLibrary">
<doc>Waits until the element ``locator`` is enabled.</doc>
<arguments>
<arg>${Deselect}</arg>
<arg>timeout=10</arg>
</arguments>
<status status="PASS" starttime="20210622 17:54:33.415" endtime="20210622 17:54:34.051"></status>
</kw>
<kw name="Get Title" library="SeleniumLibrary">
<doc>Returns the title of the current page.</doc>
<assign>
<var>${NewTitle}</var>
</assign>
<msg timestamp="20210622 17:54:34.070" level="INFO">${NewTitle} = Solihull Sixth Form College: Educazione Post 16, Livelli A è BTEC - Solihull Sixth Form College</msg>
<status status="PASS" starttime="20210622 17:54:34.052" endtime="20210622 17:54:34.070"></status>
</kw>
<kw name="Log To Console" library="BuiltIn">
<doc>Logs the given message to the console.</doc>
<arguments>
<arg>${NewTitle}</arg>
</arguments>
<status status="PASS" starttime="20210622 17:54:34.071" endtime="20210622 17:54:34.072"></status>
</kw>
<kw name="Wait Until Element Is Not Visible" library="SeleniumLibrary">
<doc>Waits until the element ``locator`` is not visible.</doc>
<arguments>
<arg>${DropDownClose}</arg>
<arg>timeout=10</arg>
</arguments>
<status status="PASS" starttime="20210622 17:54:34.073" endtime="20210622 17:54:34.118"></status>
</kw>
<kw name="Click Element" library="SeleniumLibrary">
<doc>Click the element identified by ``locator``.</doc>
<arguments>
<arg>${DropDown}</arg>
</arguments>
<msg timestamp="20210622 17:54:34.118" level="INFO">Clicking element '//div[@class='selected']'.</msg>
<status status="PASS" starttime="20210622 17:54:34.118" endtime="20210622 17:54:34.256"></status>
</kw>
<kw name="Wait Until Element Is Visible" library="SeleniumLibrary">
<doc>Waits until the element ``locator`` is visible.</doc>
<arguments>
<arg>${ListVisible}</arg>
</arguments>
<status status="PASS" starttime="20210622 17:54:34.257" endtime="20210622 17:54:34.902"></status>
</kw>
<status status="PASS" starttime="20210622 17:54:33.066" endtime="20210622 17:54:34.902"></status>
</kw>
<kw name="${x} = 7" type="foritem">
<kw name="Click Element" library="SeleniumLibrary">
<doc>Click the element identified by ``locator``.</doc>
<arguments>
<arg>${Path}${x}${Close}</arg>
</arguments>
<msg timestamp="20210622 17:54:34.903" level="INFO">Clicking element '//div[@style='display: block;']/child::a[starts-with(text(),' C')][7]'.</msg>
<status status="PASS" starttime="20210622 17:54:34.903" endtime="20210622 17:54:35.018"></status>
</kw>
<kw name="Wait Until Element Is Enabled" library="SeleniumLibrary">
<doc>Waits until the element ``locator`` is enabled.</doc>
<arguments>
<arg>${Deselect}</arg>
<arg>timeout=10</arg>
</arguments>
<status status="PASS" starttime="20210622 17:54:35.018" endtime="20210622 17:54:35.935"></status>
</kw>
<kw name="Get Title" library="SeleniumLibrary">
<doc>Returns the title of the current page.</doc>
<assign>
<var>${NewTitle}</var>
</assign>
<msg timestamp="20210622 17:54:35.950" level="INFO">${NewTitle} = Koledž za šesti oblik Solihull: Obrazovanje nakon 16, nivoi i BTEC-ovi - Koledž za šesti oblik Solihull</msg>
<status status="PASS" starttime="20210622 17:54:35.935" endtime="20210622 17:54:35.950"></status>
</kw>
<kw name="Log To Console" library="BuiltIn">
<doc>Logs the given message to the console.</doc>
<arguments>
<arg>${NewTitle}</arg>
</arguments>
<status status="PASS" starttime="20210622 17:54:35.950" endtime="20210622 17:54:35.951"></status>
</kw>
<kw name="Wait Until Element Is Not Visible" library="SeleniumLibrary">
<doc>Waits until the element ``locator`` is not visible.</doc>
<arguments>
<arg>${DropDownClose}</arg>
<arg>timeout=10</arg>
</arguments>
<status status="PASS" starttime="20210622 17:54:35.952" endtime="20210622 17:54:35.989"></status>
</kw>
<kw name="Click Element" library="SeleniumLibrary">
<doc>Click the element identified by ``locator``.</doc>
<arguments>
<arg>${DropDown}</arg>
</arguments>
<msg timestamp="20210622 17:54:35.990" level="INFO">Clicking element '//div[@class='selected']'.</msg>
<status status="PASS" starttime="20210622 17:54:35.990" endtime="20210622 17:54:36.114"></status>
</kw>
<kw name="Wait Until Element Is Visible" library="SeleniumLibrary">
<doc>Waits until the element ``locator`` is visible.</doc>
<arguments>
<arg>${ListVisible}</arg>
</arguments>
<status status="PASS" starttime="20210622 17:54:36.114" endtime="20210622 17:54:37.031"></status>
</kw>
<status status="PASS" starttime="20210622 17:54:34.903" endtime="20210622 17:54:37.031"></status>
</kw>
<kw name="${x} = 8" type="foritem">
<kw name="Click Element" library="SeleniumLibrary">
<doc>Click the element identified by ``locator``.</doc>
<arguments>
<arg>${Path}${x}${Close}</arg>
</arguments>
<msg timestamp="20210622 17:54:37.033" level="INFO">Clicking element '//div[@style='display: block;']/child::a[starts-with(text(),' C')][8]'.</msg>
<status status="PASS" starttime="20210622 17:54:37.032" endtime="20210622 17:54:37.374"></status>
</kw>
<kw name="Wait Until Element Is Enabled" library="SeleniumLibrary">
<doc>Waits until the element ``locator`` is enabled.</doc>
<arguments>
<arg>${Deselect}</arg>
<arg>timeout=10</arg>
</arguments>
<status status="PASS" starttime="20210622 17:54:37.375" endtime="20210622 17:54:38.133"></status>
</kw>
<kw name="Get Title" library="SeleniumLibrary">
<doc>Returns the title of the current page.</doc>
<assign>
<var>${NewTitle}</var>
</assign>
<msg timestamp="20210622 17:54:38.149" level="INFO">${NewTitle} = Solihull Sixth Form College: Post 16 education, A Levels and BTECs - Solihull Sixth Form College</msg>
<status status="PASS" starttime="20210622 17:54:38.133" endtime="20210622 17:54:38.149"></status>
</kw>
<kw name="Log To Console" library="BuiltIn">
<doc>Logs the given message to the console.</doc>
<arguments>
<arg>${NewTitle}</arg>
</arguments>
<status status="PASS" starttime="20210622 17:54:38.149" endtime="20210622 17:54:38.150"></status>
</kw>
<kw name="Wait Until Element Is Not Visible" library="SeleniumLibrary">
<doc>Waits until the element ``locator`` is not visible.</doc>
<arguments>
<arg>${DropDownClose}</arg>
<arg>timeout=10</arg>
</arguments>
<status status="PASS" starttime="20210622 17:54:38.150" endtime="20210622 17:54:38.165"></status>
</kw>
<kw name="Click Element" library="SeleniumLibrary">
<doc>Click the element identified by ``locator``.</doc>
<arguments>
<arg>${DropDown}</arg>
</arguments>
<msg timestamp="20210622 17:54:38.165" level="INFO">Clicking element '//div[@class='selected']'.</msg>
<status status="PASS" starttime="20210622 17:54:38.165" endtime="20210622 17:54:38.360"></status>
</kw>
<kw name="Wait Until Element Is Visible" library="SeleniumLibrary">
<doc>Waits until the element ``locator`` is visible.</doc>
<arguments>
<arg>${ListVisible}</arg>
</arguments>
<status status="PASS" starttime="20210622 17:54:38.360" endtime="20210622 17:54:39.046"></status>
</kw>
<status status="PASS" starttime="20210622 17:54:37.032" endtime="20210622 17:54:39.046"></status>
</kw>
<status status="PASS" starttime="20210622 17:54:22.926" endtime="20210622 17:54:39.046"></status>
</kw>
<status status="PASS" starttime="20210622 17:54:22.924" endtime="20210622 17:54:39.047"></status>
</kw>
<status status="PASS" starttime="20210622 17:54:22.922" endtime="20210622 17:54:39.047"></status>
</kw>
<kw name="Close the Webpage" library="ENVDetails" type="teardown">
<kw name="Close All Browsers" library="SeleniumLibrary">
<doc>Closes all open browsers and resets the browser cache.</doc>
<status status="PASS" starttime="20210622 17:54:39.048" endtime="20210622 17:54:41.603"></status>
</kw>
<status status="PASS" starttime="20210622 17:54:39.047" endtime="20210622 17:54:41.604"></status>
</kw>
<status status="PASS" starttime="20210622 17:54:21.782" endtime="20210622 17:54:41.606" critical="yes"></status>
</test>
<doc>Test Case to fetch and validate the Page Tile on SoliHull Webpage with Different Language.</doc>
<status status="PASS" starttime="20210622 17:54:07.872" endtime="20210622 17:54:41.615"></status>
</suite>
<statistics>
<total>
<stat pass="1" fail="0">Critical Tests</stat>
<stat pass="1" fail="0">All Tests</stat>
</total>
<tag>
</tag>
<suite>
<stat pass="1" fail="0" id="s1" name="SoliHull Feature">SoliHull Feature</stat>
</suite>
</statistics>
<errors>
</errors>
</robot>
